{"message":"Unauthorized request to path: /bookmarks","level":"error"}
{"message":"Unauthorized request to path: /bookmarks","level":"error"}
{"message":"Unauthorized request to path: /bookmarks","level":"error"}
{"message":"Unauthorized request to path: /bookmarks","level":"error"}
{"message":"Unauthorized request to path: /bookmarks","level":"error"}
{"message":"Unauthorized request to path: /bookmarks","level":"error"}
{"message":"Valid URL is required","level":"error"}
{"message":"Bookmark with f9ff79b9-81fe-454b-96e3-6984b137b714 was created","level":"info"}
{"message":"Bookmark with 4e67133f-fec8-4946-92d1-54bf43fb33b7 was created","level":"info"}
{"message":"Valid URL is required","level":"error"}
{"message":"Bookmark with f6e87053-240f-47c8-84ce-12d66fa9ff5d was created","level":"info"}
{"message":"Bookmark with 7e98080f-187d-4566-9cfa-ad35b9397b26 was created","level":"info"}
{"message":"Bookmark with 6dbcffdf-37fe-4bc1-9a1e-88ea73d4fb8c was created","level":"info"}
{"message":"Bookmark with ccf6ef59-f55a-455f-b06a-62b0a6a8c322 was created","level":"info"}
{"message":"Bookmark with f3eae6ab-dce3-4f72-b006-aba41ad0e423 was created","level":"info"}
{"message":"Bookmark with a582331c-9cf0-4332-a98c-6fa73955834c was created","level":"info"}
{"message":"Card with id efe51335-0290-4401-884e-3fa34caf4ab0 deleted.","level":"info"}
{"message":"Invalid rading '4' supplied","level":"error"}
{"message":"Bookmark with 6712f84e-84fa-4c5c-8043-6f707691ea64 was created","level":"info"}
{"message":"Bookmark with bca09ff7-1fc9-4d64-87c5-4e647971b5ad was created","level":"info"}
{"message":"Bookmark with 91737a13-bd94-4565-a4d9-decee305d754 was created","level":"info"}
{"message":"Bookmark with 117efd59-d8c3-4d5a-abf5-6393004c5e76 was created","level":"info"}
{"message":"Bookmark with d5e80444-8b3a-4790-a31d-c11a4903418f was created","level":"info"}
{"message":"Bookmark with 5c4541fa-612f-4446-b0a1-d906f167547a was created","level":"info"}
{"message":"Bookmark with 1acd24b6-f854-4b92-bd2e-c36a62973d30 was created","level":"info"}
{"message":"Invalid rading '7' supplied","level":"error"}
{"message":"Invalid rading '5' supplied","level":"error"}
{"message":"Invalid rading '3' supplied","level":"error"}
{"message":"Invalid rading '7' supplied","level":"error"}
{"message":"Bookmark with 91a22364-0f04-4197-8665-db52013815a6 was created","level":"info"}
